<?xml version="1.0" encoding="UTF-8"?>
<!-- Generated by org.testng.reporters.JUnitReportReporter -->
<testsuite name="com.eHo.testcases.eHO_TC_006" tests="1" time="48.449" ignored="0" failures="0" timestamp="10 Apr 2018 16:30:38 GMT" skipped="0" hostname="DESKTOP-KI73JF1" errors="0">
  <testcase name="TC_006Test" time="48.449" classname="com.eHo.testcases.eHO_TC_006"/>
</testsuite> <!-- com.eHo.testcases.eHO_TC_006 -->
