<?xml version="1.0" encoding="UTF-8"?>
<!-- Generated by org.testng.reporters.JUnitReportReporter -->
<testsuite name="com.eHo.testcases.eHO_TC_033" tests="1" time="68.856" ignored="0" failures="0" timestamp="02 May 2018 19:48:43 GMT" skipped="0" hostname="DESKTOP-KI73JF1" errors="0">
  <testcase name="TC_032Test01" time="68.856" classname="com.eHo.testcases.eHO_TC_033"/>
</testsuite> <!-- com.eHo.testcases.eHO_TC_033 -->
