<?xml version="1.0" encoding="UTF-8"?>
<!-- Generated by org.testng.reporters.JUnitReportReporter -->
<testsuite name="com.eHo.testcases.eHO_TC_031" tests="1" time="61.395" ignored="0" failures="0" timestamp="10 May 2018 13:40:45 GMT" skipped="0" hostname="DESKTOP-KI73JF1" errors="0">
  <testcase name="TC_031Test" time="61.395" classname="com.eHo.testcases.eHO_TC_031"/>
</testsuite> <!-- com.eHo.testcases.eHO_TC_031 -->
