<?xml version="1.0" encoding="UTF-8"?>
<!-- Generated by org.testng.reporters.JUnitReportReporter -->
<testsuite name="com.eHo.testcases.eHO_TC_035" tests="1" time="102.009" ignored="0" failures="0" timestamp="03 May 2018 00:29:04 GMT" skipped="0" hostname="DESKTOP-KI73JF1" errors="0">
  <testcase name="TC_035Test" time="102.009" classname="com.eHo.testcases.eHO_TC_035"/>
</testsuite> <!-- com.eHo.testcases.eHO_TC_035 -->
