<?xml version="1.0" encoding="UTF-8"?>
<!-- Generated by org.testng.reporters.JUnitReportReporter -->
<testsuite name="com.eHo.testcases.eHO_TC_030" tests="1" time="72.121" ignored="0" failures="0" timestamp="30 Apr 2018 15:30:06 GMT" skipped="0" hostname="DESKTOP-KI73JF1" errors="0">
  <testcase name="TC_030Test" time="72.121" classname="com.eHo.testcases.eHO_TC_030"/>
</testsuite> <!-- com.eHo.testcases.eHO_TC_030 -->
