<?xml version="1.0" encoding="UTF-8"?>
<!-- Generated by org.testng.reporters.JUnitReportReporter -->
<testsuite name="com.eHo.testcases.eHO_TC_034" tests="1" time="71.344" ignored="0" failures="0" timestamp="02 May 2018 20:00:44 GMT" skipped="0" hostname="DESKTOP-KI73JF1" errors="0">
  <testcase name="TC_033Test" time="71.344" classname="com.eHo.testcases.eHO_TC_034"/>
</testsuite> <!-- com.eHo.testcases.eHO_TC_034 -->
