<?xml version="1.0" encoding="UTF-8"?>
<!-- Generated by org.testng.reporters.JUnitReportReporter -->
<testsuite name="com.eHo.testcases.eHO_TC_001" tests="1" time="109.210" ignored="0" failures="0" timestamp="17 May 2018 14:45:21 GMT" skipped="0" hostname="DESKTOP-KI73JF1" errors="0">
  <testcase name="TC_001Test" time="109.210" classname="com.eHo.testcases.eHO_TC_001"/>
</testsuite> <!-- com.eHo.testcases.eHO_TC_001 -->
