<?xml version="1.0" encoding="UTF-8"?>
<!-- Generated by org.testng.reporters.JUnitReportReporter -->
<testsuite name="com.eHo.testcases.eHO_TC_009" tests="1" time="43.336" ignored="0" failures="0" timestamp="10 Apr 2018 17:31:16 GMT" skipped="0" hostname="DESKTOP-KI73JF1" errors="0">
  <testcase name="TC_009Test" time="43.336" classname="com.eHo.testcases.eHO_TC_009"/>
</testsuite> <!-- com.eHo.testcases.eHO_TC_009 -->
