<?xml version="1.0" encoding="UTF-8"?>
<!-- Generated by org.testng.reporters.JUnitReportReporter -->
<testsuite name="com.eHo.testcases.eHO_TC_002" tests="1" time="37.156" ignored="0" failures="0" timestamp="03 May 2018 14:20:36 GMT" skipped="0" hostname="DESKTOP-KI73JF1" errors="0">
  <testcase name="TC_002Test" time="37.156" classname="com.eHo.testcases.eHO_TC_002"/>
</testsuite> <!-- com.eHo.testcases.eHO_TC_002 -->
