<?xml version="1.0" encoding="UTF-8"?>
<!-- Generated by org.testng.reporters.JUnitReportReporter -->
<testsuite name="com.eHo.testcases.eHO_TC_028" tests="1" time="51.301" ignored="0" failures="0" timestamp="30 Apr 2018 16:16:44 GMT" skipped="0" hostname="DESKTOP-KI73JF1" errors="0">
  <testcase name="TC_028Test" time="51.301" classname="com.eHo.testcases.eHO_TC_028"/>
</testsuite> <!-- com.eHo.testcases.eHO_TC_028 -->
