<?xml version="1.0" encoding="UTF-8"?>
<!-- Generated by org.testng.reporters.JUnitReportReporter -->
<testsuite name="com.eHo.testcases.eHO_TC_021" tests="1" time="75.349" ignored="0" failures="0" timestamp="26 Apr 2018 21:31:08 GMT" skipped="0" hostname="DESKTOP-KI73JF1" errors="0">
  <testcase name="TC_021Test" time="75.349" classname="com.eHo.testcases.eHO_TC_021"/>
</testsuite> <!-- com.eHo.testcases.eHO_TC_021 -->
