<?xml version="1.0" encoding="UTF-8"?>
<!-- Generated by org.testng.reporters.JUnitReportReporter -->
<testsuite name="com.eHo.testcases.eHO_TC_017" tests="1" time="108.442" ignored="0" failures="0" timestamp="25 Apr 2018 21:37:21 GMT" skipped="0" hostname="DESKTOP-KI73JF1" errors="0">
  <testcase name="TC_0017Test" time="108.442" classname="com.eHo.testcases.eHO_TC_017"/>
</testsuite> <!-- com.eHo.testcases.eHO_TC_017 -->
