<?xml version="1.0" encoding="UTF-8"?>
<!-- Generated by org.testng.reporters.JUnitReportReporter -->
<testsuite name="com.eHo.testcases.eHO_TC_030" tests="1" time="66.190" ignored="0" failures="0" timestamp="10 May 2018 13:40:45 GMT" skipped="0" hostname="DESKTOP-KI73JF1" errors="0">
  <testcase name="TC_030Test" time="66.190" classname="com.eHo.testcases.eHO_TC_030"/>
</testsuite> <!-- com.eHo.testcases.eHO_TC_030 -->
