<?xml version="1.0" encoding="UTF-8"?>
<!-- Generated by org.testng.reporters.JUnitReportReporter -->
<testsuite name="com.eHo.testcases.eHO_TC_022" tests="1" time="33.952" ignored="0" failures="0" timestamp="26 Apr 2018 21:31:08 GMT" skipped="0" hostname="DESKTOP-KI73JF1" errors="0">
  <testcase name="TC_022Test" time="33.952" classname="com.eHo.testcases.eHO_TC_022"/>
</testsuite> <!-- com.eHo.testcases.eHO_TC_022 -->
