<?xml version="1.0" encoding="UTF-8"?>
<!-- Generated by org.testng.reporters.JUnitReportReporter -->
<testsuite name="com.eHo.testcases.eHO_TC_026" tests="1" time="30.184" ignored="0" failures="0" timestamp="26 Apr 2018 21:31:08 GMT" skipped="0" hostname="DESKTOP-KI73JF1" errors="0">
  <testcase name="TC_026Test" time="30.184" classname="com.eHo.testcases.eHO_TC_026"/>
</testsuite> <!-- com.eHo.testcases.eHO_TC_026 -->
