<?xml version="1.0" encoding="UTF-8"?>
<!-- Generated by org.testng.reporters.JUnitReportReporter -->
<testsuite name="com.eHo.testcases.eHO_TC_020" tests="1" time="29.110" ignored="0" failures="0" timestamp="10 May 2018 13:40:45 GMT" skipped="0" hostname="DESKTOP-KI73JF1" errors="0">
  <testcase name="TC_020Test" time="29.110" classname="com.eHo.testcases.eHO_TC_020"/>
</testsuite> <!-- com.eHo.testcases.eHO_TC_020 -->
