<?xml version="1.0" encoding="UTF-8"?>
<!-- Generated by org.testng.reporters.JUnitReportReporter -->
<testsuite name="com.eHo.testcases.eHO_TC_31" tests="1" time="65.120" ignored="0" failures="0" timestamp="30 Apr 2018 15:43:43 GMT" skipped="0" hostname="DESKTOP-KI73JF1" errors="0">
  <testcase name="TC_031Test" time="65.120" classname="com.eHo.testcases.eHO_TC_31"/>
</testsuite> <!-- com.eHo.testcases.eHO_TC_31 -->
