<?xml version="1.0" encoding="UTF-8"?>
<!-- Generated by org.testng.reporters.JUnitReportReporter -->
<testsuite name="com.eHo.testcases.eH0_TC_000" tests="1" time="46.069" ignored="0" failures="0" timestamp="17 May 2018 16:04:05 GMT" skipped="0" hostname="DESKTOP-KI73JF1" errors="0">
  <testcase name="TC_000Test" time="46.069" classname="com.eHo.testcases.eH0_TC_000"/>
</testsuite> <!-- com.eHo.testcases.eH0_TC_000 -->
