<?xml version="1.0" encoding="UTF-8"?>
<!-- Generated by org.testng.reporters.JUnitReportReporter -->
<testsuite name="com.eHo.testcases.eHO_TC_004" tests="1" time="34.590" ignored="0" failures="0" timestamp="10 Apr 2018 15:45:43 GMT" skipped="0" hostname="DESKTOP-KI73JF1" errors="0">
  <testcase name="TC_004Test" time="34.590" classname="com.eHo.testcases.eHO_TC_004"/>
</testsuite> <!-- com.eHo.testcases.eHO_TC_004 -->
