<?xml version="1.0" encoding="UTF-8"?>
<!-- Generated by org.testng.reporters.JUnitReportReporter -->
<testsuite name="com.eHo.testcases.eHO_TC_018" tests="1" time="17.297" ignored="0" failures="0" timestamp="03 May 2018 14:48:06 GMT" skipped="0" hostname="OJAS-PC" errors="0">
  <testcase name="TC_018Test" time="17.297" classname="com.eHo.testcases.eHO_TC_018"/>
</testsuite> <!-- com.eHo.testcases.eHO_TC_018 -->
