<?xml version="1.0" encoding="UTF-8"?>
<!-- Generated by org.testng.reporters.JUnitReportReporter -->
<testsuite name="com.eHo.testcases.eHO_TC_029" tests="1" time="27.146" ignored="0" failures="0" timestamp="03 May 2018 16:51:18 GMT" skipped="0" hostname="DESKTOP-KI73JF1" errors="0">
  <testcase name="TC_028Test" time="27.146" classname="com.eHo.testcases.eHO_TC_029"/>
</testsuite> <!-- com.eHo.testcases.eHO_TC_029 -->
