<?xml version="1.0" encoding="UTF-8"?>
<!-- Generated by org.testng.reporters.JUnitReportReporter -->
<testsuite name="com.eHo.testcases.eHO_TC_020" tests="1" time="28.669" ignored="0" failures="0" timestamp="03 May 2018 16:51:18 GMT" skipped="0" hostname="DESKTOP-KI73JF1" errors="0">
  <testcase name="TC_020Test" time="28.669" classname="com.eHo.testcases.eHO_TC_020"/>
</testsuite> <!-- com.eHo.testcases.eHO_TC_020 -->
